<?xml version="1.0" encoding="UTF-8"?>
<testsuite xmlns:xsi="http://www.w3.org/2001/XMLSchema-instance" xsi:noNamespaceSchemaLocation="https://maven.apache.org/surefire/maven-surefire-plugin/xsd/surefire-test-report.xsd" name="com.bank.transfer.controller.TransferControllerTest" time="12.59" tests="3" errors="0" skipped="0" failures="0">
  <properties>
[...]
</properties>
  <testcase name="transferByPhoneNumber" classname="com.bank.transfer.controller.TransferControllerTest" time="0.494"/>
  <testcase name="transferByAccountNumber" classname="com.bank.transfer.controller.TransferControllerTest" time="0.095"/>
  <testcase name="transferByCardNumber" classname="com.bank.transfer.controller.TransferControllerTest" time="0.046"/>
</testsuite>